10:06:29 AM: DEBUG [logger_base.py:12] Mensaje nivel debug
10:06:29 AM: INFO [logger_base.py:13] Mensaje nivel info
10:06:29 AM: WARNING [logger_base.py:14] Mensaje nivel warning
10:06:29 AM: ERROR [logger_base.py:15] Mensaje nivel error
10:06:29 AM: CRITICAL [logger_base.py:16] Mensaje nivel critico
10:28:10 AM: DEBUG [persona.py:50] 
            id: 1
            nombre: JUan
            last Name: asv
            email: Jasv@mail.com
        
11:53:38 AM: DEBUG [persona.py:50] 
            id: 1
            nombre: JUan
            last Name: asv
            email: Jasv@mail.com
        
11:56:51 AM: DEBUG [persona.py:50] 
            id: 1
            nombre: JUan
            last Name: asv
            email: Jasv@mail.com
        
11:56:51 AM: DEBUG [persona.py:53] 
            id: 1
            nombre: JUan
            last Name: asv
            email: None
        
11:57:27 AM: DEBUG [persona.py:50] 
            id: 1
            nombre: JUan
            last Name: asv
            email: Jasv@mail.com
        
11:57:27 AM: DEBUG [persona.py:53] 
            id: 1
            nombre: JUan
            last Name: asv
            email: None
        
11:57:27 AM: DEBUG [persona.py:56] 
            id: 1
            nombre: None
            last Name: None
            email: None
        
12:23:41 PM: ERROR [conexion.py:26] Ocurrio una excepcion 
12:24:03 PM: DEBUG [conexion.py:23] Conexion exitosa: <connection object at 0x000002765ACBAE10; dsn: 'user=postgres password=xxx dbname=test host=127.0.0.1 port=5432', closed: 0>
12:24:30 PM: DEBUG [conexion.py:23] Conexion exitosa: <connection object at 0x000002684964AE10; dsn: 'user=postgres password=xxx dbname=test host=127.0.0.1 port=5432', closed: 0>
12:24:30 PM: DEBUG [conexion.py:35] se abrio el cursor:{cls._cursor}
12:24:49 PM: DEBUG [conexion.py:23] Conexion exitosa: <connection object at 0x000002A28098AE10; dsn: 'user=postgres password=xxx dbname=test host=127.0.0.1 port=5432', closed: 0>
12:24:49 PM: DEBUG [conexion.py:35] se abrio el cursor:<cursor object at 0x000002A282816580; closed: 0>
